<?xml version="1.0" encoding="UTF-8" ?>
<testsuite tests="4" failures="0" name="org.apache.bcel.AnonymousClassTestCase" time="0.001" errors="0" skipped="0">
  <properties>
    <property name="java.runtime.name" value="Java(TM) SE Runtime Environment"/>
    <property name="sun.boot.library.path" value="/home/kaituo/Downloads/jdk1.8.0_25/jre/lib/amd64"/>
    <property name="java.vm.version" value="25.25-b02"/>
    <property name="java.vm.vendor" value="Oracle Corporation"/>
    <property name="java.vendor.url" value="http://java.oracle.com/"/>
    <property name="path.separator" value=":"/>
    <property name="java.vm.name" value="Java HotSpot(TM) 64-Bit Server VM"/>
    <property name="file.encoding.pkg" value="sun.io"/>
    <property name="user.country" value="US"/>
    <property name="sun.java.launcher" value="SUN_STANDARD"/>
    <property name="sun.os.patch.level" value="unknown"/>
    <property name="java.vm.specification.name" value="Java Virtual Machine Specification"/>
    <property name="user.dir" value="/home/kaituo/code/benchmarks/bcel/bcelr2012/bcelr1231616"/>
    <property name="java.runtime.version" value="1.8.0_25-b17"/>
    <property name="java.awt.graphicsenv" value="sun.awt.X11GraphicsEnvironment"/>
    <property name="basedir" value="/home/kaituo/code/benchmarks/bcel/bcelr2012/bcelr1231616"/>
    <property name="java.endorsed.dirs" value="/home/kaituo/Downloads/jdk1.8.0_25/jre/lib/endorsed"/>
    <property name="os.arch" value="amd64"/>
    <property name="surefire.real.class.path" value="/home/kaituo/code/benchmarks/bcel/bcelr2012/bcelr1231616/target/surefire/surefirebooter9180568299919521952.jar"/>
    <property name="java.io.tmpdir" value="/tmp"/>
    <property name="line.separator" value="
"/>
    <property name="java.vm.specification.vendor" value="Oracle Corporation"/>
    <property name="os.name" value="Linux"/>
    <property name="sun.jnu.encoding" value="UTF-8"/>
    <property name="java.library.path" value="/usr/java/packages/lib/amd64:/usr/lib64:/lib64:/lib:/usr/lib"/>
    <property name="surefire.test.class.path" value="/home/kaituo/code/benchmarks/bcel/bcelr2012/bcelr1231616/target/test-classes:/home/kaituo/code/benchmarks/bcel/bcelr2012/bcelr1231616/target/classes:/home/kaituo/.m2/repository/org/aspectj/aspectjrt/1.8.2/aspectjrt-1.8.2.jar:/home/kaituo/.m2/repository/junit/junit/3.8.2/junit-3.8.2.jar:"/>
    <property name="java.specification.name" value="Java Platform API Specification"/>
    <property name="java.class.version" value="52.0"/>
    <property name="sun.management.compiler" value="HotSpot 64-Bit Tiered Compilers"/>
    <property name="os.version" value="3.13.0-65-generic"/>
    <property name="user.home" value="/home/kaituo"/>
    <property name="user.timezone" value="America/New_York"/>
    <property name="java.awt.printerjob" value="sun.print.PSPrinterJob"/>
    <property name="file.encoding" value="UTF-8"/>
    <property name="java.specification.version" value="1.8"/>
    <property name="user.name" value="kaituo"/>
    <property name="java.class.path" value="/home/kaituo/code/benchmarks/bcel/bcelr2012/bcelr1231616/target/test-classes:/home/kaituo/code/benchmarks/bcel/bcelr2012/bcelr1231616/target/classes:/home/kaituo/.m2/repository/org/aspectj/aspectjrt/1.8.2/aspectjrt-1.8.2.jar:/home/kaituo/.m2/repository/junit/junit/3.8.2/junit-3.8.2.jar:"/>
    <property name="java.vm.specification.version" value="1.8"/>
    <property name="sun.arch.data.model" value="64"/>
    <property name="java.home" value="/home/kaituo/Downloads/jdk1.8.0_25/jre"/>
    <property name="sun.java.command" value="/home/kaituo/code/benchmarks/bcel/bcelr2012/bcelr1231616/target/surefire/surefirebooter9180568299919521952.jar /home/kaituo/code/benchmarks/bcel/bcelr2012/bcelr1231616/target/surefire/surefire3008962702106727080tmp /home/kaituo/code/benchmarks/bcel/bcelr2012/bcelr1231616/target/surefire/surefire472687032200452807tmp"/>
    <property name="java.specification.vendor" value="Oracle Corporation"/>
    <property name="user.language" value="en"/>
    <property name="awt.toolkit" value="sun.awt.X11.XToolkit"/>
    <property name="java.vm.info" value="mixed mode"/>
    <property name="java.version" value="1.8.0_25"/>
    <property name="java.ext.dirs" value="/home/kaituo/Downloads/jdk1.8.0_25/jre/lib/ext:/usr/java/packages/lib/ext"/>
    <property name="sun.boot.class.path" value="/home/kaituo/Downloads/jdk1.8.0_25/jre/lib/resources.jar:/home/kaituo/Downloads/jdk1.8.0_25/jre/lib/rt.jar:/home/kaituo/Downloads/jdk1.8.0_25/jre/lib/sunrsasign.jar:/home/kaituo/Downloads/jdk1.8.0_25/jre/lib/jsse.jar:/home/kaituo/Downloads/jdk1.8.0_25/jre/lib/jce.jar:/home/kaituo/Downloads/jdk1.8.0_25/jre/lib/charsets.jar:/home/kaituo/Downloads/jdk1.8.0_25/jre/lib/jfr.jar:/home/kaituo/Downloads/jdk1.8.0_25/jre/classes"/>
    <property name="java.vendor" value="Oracle Corporation"/>
    <property name="localRepository" value="/home/kaituo/.m2/repository"/>
    <property name="file.separator" value="/"/>
    <property name="java.vendor.url.bug" value="http://bugreport.sun.com/bugreport/"/>
    <property name="sun.cpu.endian" value="little"/>
    <property name="sun.io.unicode.encoding" value="UnicodeLittle"/>
    <property name="sun.desktop" value="gnome"/>
    <property name="sun.cpu.isalist" value=""/>
  </properties>
  <testcase classname="org.apache.bcel.AnonymousClassTestCase" name="testRegularClassIsNotAnonymous" time="0.001"/>
  <testcase classname="org.apache.bcel.AnonymousClassTestCase" name="testNamedInnerClassIsNotAnonymous" time="0"/>
  <testcase classname="org.apache.bcel.AnonymousClassTestCase" name="testStaticInnerClassIsNotAnonymous" time="0"/>
  <testcase classname="org.apache.bcel.AnonymousClassTestCase" name="testAnonymousInnerClassIsAnonymous" time="0"/>
</testsuite>