<?xml version="1.0" encoding="UTF-8" ?>
<testsuite errors="0" failures="0" hostname="kaituo-Inspiron-5547" name="edu.umd.cs.findbugs.ba.generic.TestGenericSignatureParser" skipped="0" tests="1" time="0.037" timestamp="2015-05-13T13:35:10">
  <properties>
    <property name="pluginsSrc.dir" value="../plugins/" />
    <property name="java.vendor" value="Oracle Corporation" />
    <property name="anttask.jar" value="lib/findbugs-ant.jar" />
    <property name="sun.java.launcher" value="SUN_STANDARD" />
    <property name="sun.management.compiler" value="HotSpot 64-Bit Tiered Compilers" />
    <property name="gitrnum" value="fatal: Not a git repository (or any of the parent directories): .git" />
    <property name="jsr305.dir" value="../JSR305-ri" />
    <property name="jnlp.dir" value="jnlp" />
    <property name="junitsrc.dir" value="src/junit" />
    <property name="os.name" value="Linux" />
    <property name="sun.boot.class.path" value="/home/kaituo/Downloads/jdk1.7.0_71/jre/lib/resources.jar:/home/kaituo/Downloads/jdk1.7.0_71/jre/lib/rt.jar:/home/kaituo/Downloads/jdk1.7.0_71/jre/lib/sunrsasign.jar:/home/kaituo/Downloads/jdk1.7.0_71/jre/lib/jsse.jar:/home/kaituo/Downloads/jdk1.7.0_71/jre/lib/jce.jar:/home/kaituo/Downloads/jdk1.7.0_71/jre/lib/charsets.jar:/home/kaituo/Downloads/jdk1.7.0_71/jre/lib/jfr.jar:/home/kaituo/Downloads/jdk1.7.0_71/jre/classes" />
    <property name="findbugs.home" value="/home/kaituo/code/rfbi/findbugs" />
    <property name="scripts.dir" value="bin" />
    <property name="sun.desktop" value="gnome" />
    <property name="java.vm.specification.vendor" value="Oracle Corporation" />
    <property name="doc.props.file" value="etc/doc.properties" />
    <property name="scripts.stamp" value="build/scripts.stamp" />
    <property name="ant.home" value="/home/kaituo/Downloads/eclipse/plugins/org.apache.ant_1.9.2.v201404171502" />
    <property name="jar.dir" value="lib" />
    <property name="java.runtime.version" value="1.7.0_71-b14" />
    <property name="xsl.stylesheet.home" value="${local.software.home}/docbook-xsl-1.76.1" />
    <property name="junitclasses.dir" value="build/junitclasses" />
    <property name="user.name" value="kaituo" />
    <property name="eclipseClasses.dir" value="classesEclipse" />
    <property name="docsrc.dir" value="src/doc" />
    <property name="plugin.dir" value="plugin" />
    <property name="build.dir" value="build" />
    <property name="user.language" value="en" />
    <property name="findbugs.git.revision" value="fatal: Not a git repository (or any of the parent directories): .git" />
    <property name="src5.dir" value="src/gui" />
    <property name="sun.boot.library.path" value="/home/kaituo/Downloads/jdk1.7.0_71/jre/lib/amd64" />
    <property name="ant.project.default-target" value="build" />
    <property name="doc.dir" value="build/doc" />
    <property name="release.number" value="3.0.1-dev-20150513-fatal: Not a git repository (or any of the parent directories): .git" />
    <property name="ant.project.name" value="findbugs" />
    <property name="ant.file.findbugs" value="/home/kaituo/code/rfbi/findbugs/build.xml" />
    <property name="java.version" value="1.7.0_71" />
    <property name="user.timezone" value="" />
    <property name="sun.arch.data.model" value="64" />
    <property name="java.endorsed.dirs" value="/home/kaituo/Downloads/jdk1.7.0_71/jre/lib/endorsed" />
    <property name="sun.cpu.isalist" value="" />
    <property name="sun.jnu.encoding" value="UTF-8" />
    <property name="file.encoding.pkg" value="sun.io" />
    <property name="file.separator" value="/" />
    <property name="java.specification.name" value="Java Platform API Specification" />
    <property name="patch.dir" value="src/patches" />
    <property name="classes.dir" value="build/classes" />
    <property name="java.class.version" value="51.0" />
    <property name="oneFourCompatibility.jar" value="build/oneFourCompatibility.jar" />
    <property name="allClassFiles.jar" value="build/allClassFiles.jar" />
    <property name="user.country" value="US" />
    <property name="java.home" value="/home/kaituo/Downloads/jdk1.7.0_71/jre" />
    <property name="java.vm.info" value="mixed mode" />
    <property name="scriptsrc.dir" value="src/scripts" />
    <property name="ant.file" value="/home/kaituo/code/rfbi/findbugs/build.xml" />
    <property name="os.version" value="3.13.0-52-generic" />
    <property name="source.findbugs.jar" value="src/java/,src/antTask/,src/tools/,src/junit/,src/gui/,etc" />
    <property name="serverSrc.dir" value="../server/" />
    <property name="findbugs.website" value="http://findbugs.sourceforge.net" />
    <property name="path.separator" value=":" />
    <property name="eclipse.home" value="${local.software.home}/java/eclipse-2.1.3" />
    <property name="java.vm.version" value="24.71-b01" />
    <property name="web.dir" value="web" />
    <property name="ant.library.dir" value="/home/kaituo/Downloads/eclipse/plugins/org.apache.ant_1.9.2.v201404171502/lib" />
    <property name="baseline-anttask.jar" value="${findbugs-baseline.home}/lib/findbugs-ant.jar" />
    <property name="java.awt.printerjob" value="sun.print.PSPrinterJob" />
    <property name="sun.io.unicode.encoding" value="UnicodeLittle" />
    <property name="awt.toolkit" value="sun.awt.X11.XToolkit" />
    <property name="eclipse.ui.version" value="3.0.1.20150513" />
    <property name="user.home" value="/home/kaituo" />
    <property name="fop.home" value="${local.software.home}/java/fop-0.20.5rc2" />
    <property name="java.specification.vendor" value="Oracle Corporation" />
    <property name="release.date" value="09:34:39 EDT, 13 May, 2015" />
    <property name="test.dir" value="test" />
    <property name="sampleoutput.dir" value="build/sampleoutput" />
    <property name="java.vendor.url" value="http://java.oracle.com/" />
    <property name="junit.dir" value="build/junit" />
    <property name="java.library.path" value="/usr/java/packages/lib/amd64:/usr/lib64:/lib64:/lib:/usr/lib" />
    <property name="java.vm.vendor" value="Oracle Corporation" />
    <property name="java.runtime.name" value="Java(TM) SE Runtime Environment" />
    <property name="ant.version" value="Apache Ant(TM) version 1.9.2 compiled on July 8 2013" />
    <property name="dblatex.img.fix" value="while(&lt;&gt;){s,([A-Za-z-]*.png}),manual/1,g;print;}" />
    <property name="java.class.path" value="/home/kaituo/code/rfbi/findbugs/build/classes:/home/kaituo/code/rfbi/findbugs/lib/findbugs.jar:/home/kaituo/code/rfbi/findbugs/lib/jdepend-2.9.jar:/home/kaituo/code/rfbi/findbugs/lib/AppleJavaExtensions.jar:/home/kaituo/code/rfbi/findbugs/lib/annotations.jar:/home/kaituo/code/rfbi/findbugs/lib/ant.jar:/home/kaituo/code/rfbi/findbugs/lib/asm-debug-all-5.0.2.jar:/home/kaituo/code/rfbi/findbugs/lib/bcel-6.0-SNAPSHOT.jar:/home/kaituo/code/rfbi/findbugs/lib/commons-lang-2.6.jar:/home/kaituo/code/rfbi/findbugs/lib/dom4j-1.6.1.jar:/home/kaituo/code/rfbi/findbugs/lib/findbugs-ant.jar:/home/kaituo/code/rfbi/findbugs/lib/jFormatString.jar:/home/kaituo/code/rfbi/findbugs/lib/jaxen-1.1.6.jar:/home/kaituo/code/rfbi/findbugs/lib/jcip-annotations.jar:/home/kaituo/code/rfbi/findbugs/lib/jsr305.jar:/home/kaituo/code/rfbi/findbugs/lib/junit.jar:/home/kaituo/code/rfbi/findbugs/lib/yjp-controller-api-redist.jar:/home/kaituo/code/rfbi/findbugs/build/junitclasses:/home/kaituo/Downloads/eclipse/plugins/org.apache.ant_1.9.2.v201404171502/lib/ant-launcher.jar:/home/kaituo/Downloads/eclipse/plugins/org.apache.ant_1.9.2.v201404171502/lib/ant.jar:/home/kaituo/Downloads/eclipse/plugins/org.apache.ant_1.9.2.v201404171502/lib/ant-junit.jar:/home/kaituo/Downloads/eclipse/plugins/org.apache.ant_1.9.2.v201404171502/lib/ant-junit4.jar" />
    <property name="sun.java.command" value="org.apache.tools.ant.taskdefs.optional.junit.JUnitTestRunner edu.umd.cs.findbugs.ba.generic.TestGenericSignatureParser filtertrace=true haltOnError=true haltOnFailure=true formatter=org.apache.tools.ant.taskdefs.optional.junit.SummaryJUnitResultFormatter showoutput=false outputtoformatters=true logfailedtests=true logtestlistenerevents=false formatter=org.apache.tools.ant.taskdefs.optional.junit.XMLJUnitResultFormatter,/home/kaituo/code/rfbi/findbugs/build/junit/TEST-edu.umd.cs.findbugs.ba.generic.TestGenericSignatureParser.xml crashfile=/home/kaituo/code/rfbi/findbugs/junitvmwatcher5754908778685826520.properties propsfile=/home/kaituo/code/rfbi/findbugs/junit1148879793780451382.properties" />
    <property name="findbugsTestCases.dir" value="../findbugsTestCases" />
    <property name="findbugs.downloads.website" value="http://prdownloads.sourceforge.net/findbugs" />
    <property name="scripts.props" value="etc/script.properties" />
    <property name="junittests.jar" value="build/junittests.jar" />
    <property name="java.vm.specification.name" value="Java Virtual Machine Specification" />
    <property name="release.base" value="3.0.1" />
    <property name="test.jar" value="test/dumb.jar" />
    <property name="java.vm.specification.version" value="1.7" />
    <property name="sun.os.patch.level" value="unknown" />
    <property name="sun.cpu.endian" value="little" />
    <property name="java.io.tmpdir" value="/tmp" />
    <property name="java.vendor.url.bug" value="http://bugreport.sun.com/bugreport/" />
    <property name="apiDoc.dir" value="apiJavaDoc" />
    <property name="java.awt.graphicsenv" value="sun.awt.X11GraphicsEnvironment" />
    <property name="os.arch" value="amd64" />
    <property name="findbugsTestCases.home" value="../findbugsTestCases" />
    <property name="java.ext.dirs" value="/home/kaituo/Downloads/jdk1.7.0_71/jre/lib/ext:/usr/java/packages/lib/ext" />
    <property name="etc.dir" value="etc" />
    <property name="user.dir" value="/home/kaituo/code/rfbi/findbugs" />
    <property name="annotations.jar" value="lib/annotations.jar" />
    <property name="xslsrc.dir" value="src/xsl" />
    <property name="line.separator" value="&#xa;" />
    <property name="prop.plugin.jars" value="" />
    <property name="samplesrc.dir" value="src/sampleXml" />
    <property name="java.vm.name" value="Java HotSpot(TM) 64-Bit Server VM" />
    <property name="basedir" value="/home/kaituo/code/rfbi/findbugs" />
    <property name="version.props.file" value="build/classes/edu/umd/cs/findbugs/version.properties" />
    <property name="ant.java.version" value="1.7" />
    <property name="ant.core.lib" value="/home/kaituo/Downloads/eclipse/plugins/org.apache.ant_1.9.2.v201404171502/lib/ant.jar" />
    <property name="pkg.base" value="edu/umd/cs/findbugs" />
    <property name="toolsrc.dir" value="src/tools" />
    <property name="file.encoding" value="UTF-8" />
    <property name="annotationDoc.dir" value="annotationJavaDoc" />
    <property name="ant.file.type.findbugs" value="file" />
    <property name="java.specification.version" value="1.7" />
    <property name="src.dir" value="src/java" />
    <property name="ant.project.invoked-targets" value="runjunit" />
    <property name="engine.jar" value="lib/findbugs.jar" />
    <property name="saxon.home" value="${local.software.home}/saxon-6.5.5" />
    <property name="plugin.release.date" value="05/13/2015 09:34 AM EDT" />
    <property name="anttasksrc.dir" value="src/antTask" />
  </properties>
  <testcase classname="edu.umd.cs.findbugs.ba.generic.TestGenericSignatureParser" name="testSignatures" time="0.002" />
  <system-out><![CDATA[]]></system-out>
  <system-err><![CDATA[]]></system-err>
</testsuite>
